----------Game Settings----------
Running as Server: STANDALONE
Server Address: localhost
Server Port: 9898
Serialization Type: 2
Map Location: maps/8x8/basesWorkers8x8.xml
Max Cycles: 5000
Partially Observable: false
Rules Version: 2
Conflict Policy: 1
AI1: ai.abstraction.EAGLESurrogate
AI2: ai.competition.tiamat.Tiamat
------------------------------------------------
 166  gmu3r2g   searching for Move flow of UnittypeTable  : -> rts.units.UnitTypeTable PGSAI 
 maxCycles --> 5000
 headless --> true
 updateInterval --> 50
 partiallyObservable --> false
Exception in thread "main" java.lang.ClassNotFoundException: ai.competition.tiamat.Tiamat
	at java.base/jdk.internal.loader.BuiltinClassLoader.loadClass(BuiltinClassLoader.java:641)
	at java.base/jdk.internal.loader.ClassLoaders$AppClassLoader.loadClass(ClassLoaders.java:188)
	at java.base/java.lang.ClassLoader.loadClass(ClassLoader.java:525)
	at java.base/java.lang.Class.forName0(Native Method)
	at java.base/java.lang.Class.forName(Class.java:377)
	at rts.Game.<init>(Game.java:46)
	at rts.Game.<init>(Game.java:32)
	at rts.MicroRTS.runStandAloneGame(MicroRTS.java:91)
	at rts.MicroRTS.main(MicroRTS.java:44)
