----------Game Settings----------
Running as Server: STANDALONE
Server Address: localhost
Server Port: 9898
Serialization Type: 2
Map Location: maps/8x8/basesWorkers8x8.xml
Max Cycles: 5000
Partially Observable: false
Rules Version: 2
Conflict Policy: 1
AI1: ai.RandomBiasedAI
AI2: ai.PassiveAI
------------------------------------------------
 166  gmu3r2g   searching for Move flow of UnittypeTable  : -> rts.units.UnitTypeTable PGSAI 
 maxCycles --> 5000
 headless --> true
 updateInterval --> 50
 partiallyObservable --> false
 -->in Game rts gmu3r2g 43    RandomBiasedAI
 -->in Game rts gmu3r2g 54    PassiveAI
 ai1 --> RandomBiasedAI
 ai1 --> PassiveAI

=== GAME RESULT ===
FINAL_TICK: 670
WINNER: 0
Player 0 wins!
===================
