----------Game Settings----------
Running as Server: STANDALONE
Server Address: localhost
Server Port: 9898
Serialization Type: 2
Map Location: maps/8x8/basesWorkers8x8.xml
Max Cycles: 5000
Partially Observable: false
Rules Version: 2
Conflict Policy: 1
AI1: ai.abstraction.EAGLE
AI2: ai.PassiveAI
------------------------------------------------
 166  gmu3r2g   searching for Move flow of UnittypeTable  : -> rts.units.UnitTypeTable PGSAI 
 maxCycles --> 5000
 headless --> true
 updateInterval --> 50
 partiallyObservable --> false
responseSchema  270 :  gmu3r2g  -> {"type":"object","properties":{"thinking":{"type":"string","description":"Plan out what moves you should take you can do multiple moves at a times"},"moves":{"type":"array","items":{"type":"object","properties":{"raw_move":{"type":"string"},"unit_position":{"type":"array","items":{"type":"integer"},"minItems":2,"maxItems":2},"unit_type":{"type":"string","enum":["worker","light","heavy","ranged","base","barracks"]},"action_type":{"type":"string","enum":["move","train","build","harvest","attack"]}},"required":["raw_move","unit_position","unit_type","action_type"]}}},"required":["moves","thinking"],"propertyOrdering":["thinking","moves"]}
 in this 3 file AIWithComputationBudget ai.abstraction.EAGLE  nd mg546924 38. timeBudget:  -1  iterationsBudget : -1
 in this  45 : abstract layer ai ai.abstraction.EAGLE  1 second class  nd mg546924 45 AStarPathFinding
 in this 2 nd mg546924 180 rts.units.UnitTypeTable@b065c63
 in this 1 st nd mg546924 288   ----- >  Y / N 
 in this 3 file AIWithComputationBudget ai.abstraction.EAGLE  nd mg546924 38. timeBudget:  -1  iterationsBudget : -1
 in this  45 : abstract layer ai ai.abstraction.EAGLE  1 second class  nd mg546924 45 AStarPathFinding
 in this 2 nd mg546924 180 rts.units.UnitTypeTable@b065c63
 in this 1 st nd mg546924 288   ----- >  Y / N 
 -->in Game rts gmu3r2g 43    EAGLE(AStarPathFinding)
 -->in Game rts gmu3r2g 54    PassiveAI
 ai1 --> EAGLE(AStarPathFinding)
 ai1 --> PassiveAI
 in this 55 second class  nd mg546924 56 
 in this 57 second class  nd mg546924 56 
 initLogsIfNeeded  ~~~~  ~~ ~ ~
 [EAGLE.getAction] start 
✅ Loaded prompt from: /home/mhlab/MicroRTS/third_party/microrts/prompt.txt
