----------Game Settings----------
Running as Server: STANDALONE
Server Address: localhost
Server Port: 9898
Serialization Type: 2
Map Location: maps/8x8/basesWorkers8x8.xml
Max Cycles: 5000
Partially Observable: false
Rules Version: 2
Conflict Policy: 1
AI1: ai.abstraction.EAGLESurrogate
AI2: ai.abstraction.WorkerRush
------------------------------------------------
 166  gmu3r2g   searching for Move flow of UnittypeTable  : -> rts.units.UnitTypeTable PGSAI 
 maxCycles --> 5000
 headless --> true
 updateInterval --> 50
 partiallyObservable --> false
 in this 3 file AIWithComputationBudget ai.abstraction.EAGLESurrogate  nd mg546924 38. timeBudget:  -1  iterationsBudget : -1
 in this  45 : abstract layer ai ai.abstraction.EAGLESurrogate  1 second class  nd mg546924 45 AStarPathFinding
 in this 3 file AIWithComputationBudget ai.abstraction.WorkerRush  nd mg546924 38. timeBudget:  -1  iterationsBudget : -1
 in this  45 : abstract layer ai ai.abstraction.WorkerRush  1 second class  nd mg546924 45 AStarPathFinding
 in this 3 file AIWithComputationBudget ai.abstraction.EAGLESurrogate  nd mg546924 38. timeBudget:  -1  iterationsBudget : -1
 in this  45 : abstract layer ai ai.abstraction.EAGLESurrogate  1 second class  nd mg546924 45 AStarPathFinding
 -->in Game rts gmu3r2g 43    EAGLESurrogate(AStarPathFinding)
 in this 3 file AIWithComputationBudget ai.abstraction.WorkerRush  nd mg546924 38. timeBudget:  -1  iterationsBudget : -1
 in this  45 : abstract layer ai ai.abstraction.WorkerRush  1 second class  nd mg546924 45 AStarPathFinding
 -->in Game rts gmu3r2g 54    WorkerRush(AStarPathFinding)
 ai1 --> EAGLESurrogate(AStarPathFinding)
 ai1 --> WorkerRush(AStarPathFinding)
 in this 55 second class  nd mg546924 56 
 in this 57 second class  nd mg546924 56 
 in this 55 second class  nd mg546924 56 
 in this 57 second class  nd mg546924 56 
gs.gameover() = false
Running getAction for Player: 0
 current time 0 p0 player 0(5) p1 player 1(5)
T: 0, P0: 0 (5), P1: 1 (5)
 gmu3r2g : Final UnitAction for Worker(8)(0, (1,1), 1, 0): produce(up,Barracks)
Assigned Harvest to unit: Worker(9)(1, (6,6), 1, 0) target: Resource(5)(-1, (7,7), 1, 20) base: Base(7)(1, (5,6), 10, 0)
Current actions map: {Base(7)(1, (5,6), 10, 0)=ai.abstraction.Train@7637f22, Worker(9)(1, (6,6), 1, 0)=ai.abstraction.Harvest@4926097b}
 ---> gmu3r2g inside 136 : abstraction layer ai : 136  harvest  
🟡 inside Harvest class : gmu3r2g
🎯 Executing Harvest for unit: Worker(9)(1, (6,6), 1, 0)
Resources carried: 0
Current position: (6,6)
Target: (7,7), Base: (5,6)
➡️ Moving toward resource at: (7,7)
✅ Returned UnitAction (move to resource): move(down)
 gmu3r2g : Final UnitAction for Base(7)(1, (5,6), 10, 0): produce(down,Worker)
 gmu3r2g : Final UnitAction for Worker(9)(1, (6,6), 1, 0): move(down)
gs.gameover() = false
Running getAction for Player: 0
 current time 1 p0 player 0(5) p1 player 1(5)
T: 1, P0: 0 (5), P1: 1 (5)
gs.gameover() = false
Running getAction for Player: 0
 current time 2 p0 player 0(5) p1 player 1(5)
T: 2, P0: 0 (5), P1: 1 (5)
gs.gameover() = false
Running getAction for Player: 0
 current time 3 p0 player 0(5) p1 player 1(5)
T: 3, P0: 0 (5), P1: 1 (5)
gs.gameover() = false
Running getAction for Player: 0
 current time 4 p0 player 0(5) p1 player 1(5)
T: 4, P0: 0 (5), P1: 1 (5)
gs.gameover() = false
Running getAction for Player: 0
 current time 5 p0 player 0(5) p1 player 1(5)
T: 5, P0: 0 (5), P1: 1 (5)
gs.gameover() = false
Running getAction for Player: 0
 current time 6 p0 player 0(5) p1 player 1(5)
T: 6, P0: 0 (5), P1: 1 (5)
gs.gameover() = false
Running getAction for Player: 0
 current time 7 p0 player 0(5) p1 player 1(5)
T: 7, P0: 0 (5), P1: 1 (5)
gs.gameover() = false
Running getAction for Player: 0
 current time 8 p0 player 0(5) p1 player 1(5)
T: 8, P0: 0 (5), P1: 1 (5)
gs.gameover() = false
Running getAction for Player: 0
 current time 9 p0 player 0(5) p1 player 1(5)
T: 9, P0: 0 (5), P1: 1 (5)
gs.gameover() = false
Running getAction for Player: 0
 current time 10 p0 player 0(5) p1 player 1(5)
T: 10, P0: 0 (5), P1: 1 (5)
🟡 inside Harvest class : gmu3r2g
🎯 Executing Harvest for unit: Worker(9)(1, (6,7), 1, 0)
Resources carried: 0
Current position: (6,7)
Target: (7,7), Base: (5,6)
➡️ Moving toward resource at: (7,7)
 164  in second block 
📤 Returned Final UnitAction: harvest(right)
 gmu3r2g : Final UnitAction for Worker(9)(1, (6,7), 1, 0): harvest(right)
gs.gameover() = false
Running getAction for Player: 0
 current time 11 p0 player 0(5) p1 player 1(5)
T: 11, P0: 0 (5), P1: 1 (5)
gs.gameover() = false
Running getAction for Player: 0
 current time 12 p0 player 0(5) p1 player 1(5)
T: 12, P0: 0 (5), P1: 1 (5)
gs.gameover() = false
Running getAction for Player: 0
 current time 13 p0 player 0(5) p1 player 1(5)
T: 13, P0: 0 (5), P1: 1 (5)
gs.gameover() = false
Running getAction for Player: 0
 current time 14 p0 player 0(5) p1 player 1(5)
T: 14, P0: 0 (5), P1: 1 (5)
gs.gameover() = false
Running getAction for Player: 0
 current time 15 p0 player 0(5) p1 player 1(5)
T: 15, P0: 0 (5), P1: 1 (5)
gs.gameover() = false
Running getAction for Player: 0
 current time 16 p0 player 0(5) p1 player 1(5)
T: 16, P0: 0 (5), P1: 1 (5)
gs.gameover() = false
Running getAction for Player: 0
 current time 17 p0 player 0(5) p1 player 1(5)
T: 17, P0: 0 (5), P1: 1 (5)
gs.gameover() = false
Running getAction for Player: 0
 current time 18 p0 player 0(5) p1 player 1(5)
T: 18, P0: 0 (5), P1: 1 (5)
gs.gameover() = false
Running getAction for Player: 0
 current time 19 p0 player 0(5) p1 player 1(5)
T: 19, P0: 0 (5), P1: 1 (5)
gs.gameover() = false
Running getAction for Player: 0
 current time 20 p0 player 0(5) p1 player 1(5)
T: 20, P0: 0 (5), P1: 1 (5)
gs.gameover() = false
Running getAction for Player: 0
 current time 21 p0 player 0(5) p1 player 1(5)
T: 21, P0: 0 (5), P1: 1 (5)
gs.gameover() = false
Running getAction for Player: 0
 current time 22 p0 player 0(5) p1 player 1(5)
T: 22, P0: 0 (5), P1: 1 (5)
gs.gameover() = false
Running getAction for Player: 0
 current time 23 p0 player 0(5) p1 player 1(5)
T: 23, P0: 0 (5), P1: 1 (5)
gs.gameover() = false
Running getAction for Player: 0
 current time 24 p0 player 0(5) p1 player 1(5)
T: 24, P0: 0 (5), P1: 1 (5)
gs.gameover() = false
Running getAction for Player: 0
 current time 25 p0 player 0(5) p1 player 1(5)
T: 25, P0: 0 (5), P1: 1 (5)
gs.gameover() = false
Running getAction for Player: 0
 current time 26 p0 player 0(5) p1 player 1(5)
T: 26, P0: 0 (5), P1: 1 (5)
gs.gameover() = false
Running getAction for Player: 0
 current time 27 p0 player 0(5) p1 player 1(5)
T: 27, P0: 0 (5), P1: 1 (5)
gs.gameover() = false
Running getAction for Player: 0
 current time 28 p0 player 0(5) p1 player 1(5)
T: 28, P0: 0 (5), P1: 1 (5)
gs.gameover() = false
Running getAction for Player: 0
 current time 29 p0 player 0(5) p1 player 1(5)
T: 29, P0: 0 (5), P1: 1 (5)
gs.gameover() = false
Running getAction for Player: 0
 current time 30 p0 player 0(5) p1 player 1(5)
T: 30, P0: 0 (5), P1: 1 (5)
🟡 inside Harvest class : gmu3r2g
🎯 Executing Harvest for unit: Worker(9)(1, (6,7), 1, 1)
Resources carried: 1
Current position: (6,7)
Target: (7,7), Base: (5,6)
⬅️ Returning to base at: (5,6)
✅ Returned UnitAction (move to base): move(up)
 gmu3r2g : Final UnitAction for Worker(9)(1, (6,7), 1, 1): move(up)
gs.gameover() = false
Running getAction for Player: 0
 current time 31 p0 player 0(5) p1 player 1(5)
T: 31, P0: 0 (5), P1: 1 (5)
gs.gameover() = false
Running getAction for Player: 0
 current time 32 p0 player 0(5) p1 player 1(5)
T: 32, P0: 0 (5), P1: 1 (5)
gs.gameover() = false
Running getAction for Player: 0
 current time 33 p0 player 0(5) p1 player 1(5)
T: 33, P0: 0 (5), P1: 1 (5)
gs.gameover() = false
Running getAction for Player: 0
 current time 34 p0 player 0(5) p1 player 1(5)
T: 34, P0: 0 (5), P1: 1 (5)
gs.gameover() = false
Running getAction for Player: 0
 current time 35 p0 player 0(5) p1 player 1(5)
T: 35, P0: 0 (5), P1: 1 (5)
gs.gameover() = false
Running getAction for Player: 0
 current time 36 p0 player 0(5) p1 player 1(5)
T: 36, P0: 0 (5), P1: 1 (5)
gs.gameover() = false
Running getAction for Player: 0
 current time 37 p0 player 0(5) p1 player 1(5)
T: 37, P0: 0 (5), P1: 1 (5)
gs.gameover() = false
Running getAction for Player: 0
 current time 38 p0 player 0(5) p1 player 1(5)
T: 38, P0: 0 (5), P1: 1 (5)
gs.gameover() = false
Running getAction for Player: 0
 current time 39 p0 player 0(5) p1 player 1(5)
T: 39, P0: 0 (5), P1: 1 (5)
gs.gameover() = false
Running getAction for Player: 0
 current time 40 p0 player 0(5) p1 player 1(5)
T: 40, P0: 0 (5), P1: 1 (5)
🟡 inside Harvest class : gmu3r2g
🎯 Executing Harvest for unit: Worker(9)(1, (6,6), 1, 1)
Resources carried: 1
Current position: (6,6)
Target: (7,7), Base: (5,6)
⬅️ Returning to base at: (5,6)
⚠️  issue in they findPathToAdjacentPosition No path to adjacent cell of resource found. May be blocked or unreachable.
📤 Returned Final UnitAction: return(left)
 gmu3r2g : Final UnitAction for Worker(9)(1, (6,6), 1, 1): return(left)
gs.gameover() = false
Running getAction for Player: 0
 current time 41 p0 player 0(5) p1 player 1(5)
T: 41, P0: 0 (5), P1: 1 (5)
gs.gameover() = false
Running getAction for Player: 0
 current time 42 p0 player 0(5) p1 player 1(5)
T: 42, P0: 0 (5), P1: 1 (5)
gs.gameover() = false
Running getAction for Player: 0
 current time 43 p0 player 0(5) p1 player 1(5)
T: 43, P0: 0 (5), P1: 1 (5)
gs.gameover() = false
Running getAction for Player: 0
 current time 44 p0 player 0(5) p1 player 1(5)
T: 44, P0: 0 (5), P1: 1 (5)
gs.gameover() = false
Running getAction for Player: 0
 current time 45 p0 player 0(5) p1 player 1(5)
T: 45, P0: 0 (5), P1: 1 (5)
gs.gameover() = false
Running getAction for Player: 0
 current time 46 p0 player 0(5) p1 player 1(5)
T: 46, P0: 0 (5), P1: 1 (5)
gs.gameover() = false
Running getAction for Player: 0
 current time 47 p0 player 0(5) p1 player 1(5)
T: 47, P0: 0 (5), P1: 1 (5)
gs.gameover() = false
Running getAction for Player: 0
 current time 48 p0 player 0(5) p1 player 1(5)
T: 48, P0: 0 (5), P1: 1 (5)
gs.gameover() = false
Running getAction for Player: 0
 current time 49 p0 player 0(5) p1 player 1(5)
T: 49, P0: 0 (5), P1: 1 (5)
gs.gameover() = false
Running getAction for Player: 0
 current time 50 p0 player 0(5) p1 player 1(5)
T: 50, P0: 0 (5), P1: 1 (5)
🟡 inside Harvest class : gmu3r2g
🎯 Executing Harvest for unit: Worker(9)(1, (6,6), 1, 0)
Resources carried: 0
Current position: (6,6)
Target: (7,7), Base: (5,6)
➡️ Moving toward resource at: (7,7)
✅ Returned UnitAction (move to resource): move(down)
 gmu3r2g : Final UnitAction for Worker(9)(1, (6,6), 1, 0): move(down)
 gmu3r2g : Final UnitAction for Base(7)(1, (5,6), 10, 0): produce(up,Worker)
 gmu3r2g : Final UnitAction for Worker(10)(1, (5,7), 1, 0): move(left)
gs.gameover() = false
Running getAction for Player: 0
 current time 51 p0 player 0(5) p1 player 1(5)
T: 51, P0: 0 (5), P1: 1 (5)
gs.gameover() = false
Running getAction for Player: 0
 current time 52 p0 player 0(5) p1 player 1(5)
T: 52, P0: 0 (5), P1: 1 (5)
gs.gameover() = false
Running getAction for Player: 0
 current time 53 p0 player 0(5) p1 player 1(5)
T: 53, P0: 0 (5), P1: 1 (5)
gs.gameover() = false
Running getAction for Player: 0
 current time 54 p0 player 0(5) p1 player 1(5)
T: 54, P0: 0 (5), P1: 1 (5)
gs.gameover() = false
Running getAction for Player: 0
 current time 55 p0 player 0(5) p1 player 1(5)
T: 55, P0: 0 (5), P1: 1 (5)
gs.gameover() = false
Running getAction for Player: 0
 current time 56 p0 player 0(5) p1 player 1(5)
T: 56, P0: 0 (5), P1: 1 (5)
gs.gameover() = false
Running getAction for Player: 0
 current time 57 p0 player 0(5) p1 player 1(5)
T: 57, P0: 0 (5), P1: 1 (5)
gs.gameover() = false
Running getAction for Player: 0
 current time 58 p0 player 0(5) p1 player 1(5)
T: 58, P0: 0 (5), P1: 1 (5)
gs.gameover() = false
Running getAction for Player: 0
 current time 59 p0 player 0(5) p1 player 1(5)
T: 59, P0: 0 (5), P1: 1 (5)
gs.gameover() = false
Running getAction for Player: 0
 current time 60 p0 player 0(5) p1 player 1(5)
T: 60, P0: 0 (5), P1: 1 (5)
🟡 inside Harvest class : gmu3r2g
🎯 Executing Harvest for unit: Worker(9)(1, (6,7), 1, 0)
Resources carried: 0
Current position: (6,7)
Target: (7,7), Base: (5,6)
➡️ Moving toward resource at: (7,7)
 164  in second block 
📤 Returned Final UnitAction: harvest(right)
 gmu3r2g : Final UnitAction for Worker(9)(1, (6,7), 1, 0): harvest(right)
 gmu3r2g : Final UnitAction for Worker(10)(1, (4,7), 1, 0): move(left)
gs.gameover() = false
Running getAction for Player: 0
 current time 61 p0 player 0(5) p1 player 1(5)
T: 61, P0: 0 (5), P1: 1 (5)
gs.gameover() = false
Running getAction for Player: 0
 current time 62 p0 player 0(5) p1 player 1(5)
T: 62, P0: 0 (5), P1: 1 (5)
gs.gameover() = false
Running getAction for Player: 0
 current time 63 p0 player 0(5) p1 player 1(5)
T: 63, P0: 0 (5), P1: 1 (5)
gs.gameover() = false
Running getAction for Player: 0
 current time 64 p0 player 0(5) p1 player 1(5)
T: 64, P0: 0 (5), P1: 1 (5)
gs.gameover() = false
Running getAction for Player: 0
 current time 65 p0 player 0(5) p1 player 1(5)
T: 65, P0: 0 (5), P1: 1 (5)
gs.gameover() = false
Running getAction for Player: 0
 current time 66 p0 player 0(5) p1 player 1(5)
T: 66, P0: 0 (5), P1: 1 (5)
gs.gameover() = false
Running getAction for Player: 0
 current time 67 p0 player 0(5) p1 player 1(5)
T: 67, P0: 0 (5), P1: 1 (5)
gs.gameover() = false
Running getAction for Player: 0
 current time 68 p0 player 0(5) p1 player 1(5)
T: 68, P0: 0 (5), P1: 1 (5)
gs.gameover() = false
Running getAction for Player: 0
 current time 69 p0 player 0(5) p1 player 1(5)
T: 69, P0: 0 (5), P1: 1 (5)
gs.gameover() = false
Running getAction for Player: 0
 current time 70 p0 player 0(5) p1 player 1(5)
T: 70, P0: 0 (5), P1: 1 (5)
 gmu3r2g : Final UnitAction for Worker(10)(1, (3,7), 1, 0): move(left)
gs.gameover() = false
Running getAction for Player: 0
 current time 71 p0 player 0(5) p1 player 1(5)
T: 71, P0: 0 (5), P1: 1 (5)
gs.gameover() = false
Running getAction for Player: 0
 current time 72 p0 player 0(5) p1 player 1(5)
T: 72, P0: 0 (5), P1: 1 (5)
gs.gameover() = false
Running getAction for Player: 0
 current time 73 p0 player 0(5) p1 player 1(5)
T: 73, P0: 0 (5), P1: 1 (5)
gs.gameover() = false
Running getAction for Player: 0
 current time 74 p0 player 0(5) p1 player 1(5)
T: 74, P0: 0 (5), P1: 1 (5)
gs.gameover() = false
Running getAction for Player: 0
 current time 75 p0 player 0(5) p1 player 1(5)
T: 75, P0: 0 (5), P1: 1 (5)
gs.gameover() = false
Running getAction for Player: 0
 current time 76 p0 player 0(5) p1 player 1(5)
T: 76, P0: 0 (5), P1: 1 (5)
gs.gameover() = false
Running getAction for Player: 0
 current time 77 p0 player 0(5) p1 player 1(5)
T: 77, P0: 0 (5), P1: 1 (5)
gs.gameover() = false
Running getAction for Player: 0
 current time 78 p0 player 0(5) p1 player 1(5)
T: 78, P0: 0 (5), P1: 1 (5)
gs.gameover() = false
Running getAction for Player: 0
 current time 79 p0 player 0(5) p1 player 1(5)
T: 79, P0: 0 (5), P1: 1 (5)
gs.gameover() = false
Running getAction for Player: 0
 current time 80 p0 player 0(5) p1 player 1(5)
T: 80, P0: 0 (5), P1: 1 (5)
🟡 inside Harvest class : gmu3r2g
🎯 Executing Harvest for unit: Worker(9)(1, (6,7), 1, 1)
Resources carried: 1
Current position: (6,7)
Target: (7,7), Base: (5,6)
⬅️ Returning to base at: (5,6)
✅ Returned UnitAction (move to base): move(left)
 gmu3r2g : Final UnitAction for Worker(9)(1, (6,7), 1, 1): move(left)
 gmu3r2g : Final UnitAction for Worker(10)(1, (2,7), 1, 0): move(up)
gs.gameover() = false
Running getAction for Player: 0
 current time 81 p0 player 0(5) p1 player 1(5)
T: 81, P0: 0 (5), P1: 1 (5)
gs.gameover() = false
Running getAction for Player: 0
 current time 82 p0 player 0(5) p1 player 1(5)
T: 82, P0: 0 (5), P1: 1 (5)
gs.gameover() = false
Running getAction for Player: 0
 current time 83 p0 player 0(5) p1 player 1(5)
T: 83, P0: 0 (5), P1: 1 (5)
gs.gameover() = false
Running getAction for Player: 0
 current time 84 p0 player 0(5) p1 player 1(5)
T: 84, P0: 0 (5), P1: 1 (5)
gs.gameover() = false
Running getAction for Player: 0
 current time 85 p0 player 0(5) p1 player 1(5)
T: 85, P0: 0 (5), P1: 1 (5)
gs.gameover() = false
Running getAction for Player: 0
 current time 86 p0 player 0(5) p1 player 1(5)
T: 86, P0: 0 (5), P1: 1 (5)
gs.gameover() = false
Running getAction for Player: 0
 current time 87 p0 player 0(5) p1 player 1(5)
T: 87, P0: 0 (5), P1: 1 (5)
gs.gameover() = false
Running getAction for Player: 0
 current time 88 p0 player 0(5) p1 player 1(5)
T: 88, P0: 0 (5), P1: 1 (5)
gs.gameover() = false
Running getAction for Player: 0
 current time 89 p0 player 0(5) p1 player 1(5)
T: 89, P0: 0 (5), P1: 1 (5)
gs.gameover() = false
Running getAction for Player: 0
 current time 90 p0 player 0(5) p1 player 1(5)
T: 90, P0: 0 (5), P1: 1 (5)
🟡 inside Harvest class : gmu3r2g
🎯 Executing Harvest for unit: Worker(9)(1, (5,7), 1, 1)
Resources carried: 1
Current position: (5,7)
Target: (7,7), Base: (5,6)
⬅️ Returning to base at: (5,6)
⚠️  issue in they findPathToAdjacentPosition No path to adjacent cell of resource found. May be blocked or unreachable.
📤 Returned Final UnitAction: return(up)
 gmu3r2g : Final UnitAction for Worker(9)(1, (5,7), 1, 1): return(up)
 gmu3r2g : Final UnitAction for Worker(10)(1, (2,6), 1, 0): move(up)
gs.gameover() = false
Running getAction for Player: 0
 current time 91 p0 player 0(5) p1 player 1(5)
T: 91, P0: 0 (5), P1: 1 (5)
gs.gameover() = false
Running getAction for Player: 0
 current time 92 p0 player 0(5) p1 player 1(5)
T: 92, P0: 0 (5), P1: 1 (5)
gs.gameover() = false
Running getAction for Player: 0
 current time 93 p0 player 0(5) p1 player 1(5)
T: 93, P0: 0 (5), P1: 1 (5)
gs.gameover() = false
Running getAction for Player: 0
 current time 94 p0 player 0(5) p1 player 1(5)
T: 94, P0: 0 (5), P1: 1 (5)
gs.gameover() = false
Running getAction for Player: 0
 current time 95 p0 player 0(5) p1 player 1(5)
T: 95, P0: 0 (5), P1: 1 (5)
gs.gameover() = false
Running getAction for Player: 0
 current time 96 p0 player 0(5) p1 player 1(5)
T: 96, P0: 0 (5), P1: 1 (5)
gs.gameover() = false
Running getAction for Player: 0
 current time 97 p0 player 0(5) p1 player 1(5)
T: 97, P0: 0 (5), P1: 1 (5)
gs.gameover() = false
Running getAction for Player: 0
 current time 98 p0 player 0(5) p1 player 1(5)
T: 98, P0: 0 (5), P1: 1 (5)
gs.gameover() = false
Running getAction for Player: 0
 current time 99 p0 player 0(5) p1 player 1(5)
T: 99, P0: 0 (5), P1: 1 (5)
Assigned Harvest to unit: Worker(8)(0, (1,1), 1, 0) target: Resource(4)(-1, (0,0), 1, 20) base: Base(6)(0, (2,1), 10, 0)
Current actions map: {Worker(8)(0, (1,1), 1, 0)=ai.abstraction.Harvest@782830e}
 ---> gmu3r2g inside 136 : abstraction layer ai : 136  harvest  
gs.gameover() = false
Running getAction for Player: 0
 current time 100 p0 player 0(0) p1 player 1(5)
T: 100, P0: 0 (0), P1: 1 (5)
🟡 inside Harvest class : gmu3r2g
🎯 Executing Harvest for unit: Worker(8)(0, (1,1), 1, 0)
Resources carried: 0
Current position: (1,1)
Target: (0,0), Base: (2,1)
➡️ Moving toward resource at: (0,0)
✅ Returned UnitAction (move to resource): move(left)
 gmu3r2g : Final UnitAction for Worker(8)(0, (1,1), 1, 0): move(left)
🟡 inside Harvest class : gmu3r2g
🎯 Executing Harvest for unit: Worker(9)(1, (5,7), 1, 0)
Resources carried: 0
Current position: (5,7)
Target: (7,7), Base: (5,6)
➡️ Moving toward resource at: (7,7)
✅ Returned UnitAction (move to resource): move(right)
 gmu3r2g : Final UnitAction for Worker(9)(1, (5,7), 1, 0): move(right)
 gmu3r2g : Final UnitAction for Worker(10)(1, (2,5), 1, 0): move(up)
 gmu3r2g : Final UnitAction for Base(7)(1, (5,6), 10, 0): produce(right,Worker)
 gmu3r2g : Final UnitAction for Worker(12)(1, (5,5), 1, 0): move(left)
gs.gameover() = false
Running getAction for Player: 0
 current time 101 p0 player 0(0) p1 player 1(5)
T: 101, P0: 0 (0), P1: 1 (5)
gs.gameover() = false
Running getAction for Player: 0
 current time 102 p0 player 0(0) p1 player 1(5)
T: 102, P0: 0 (0), P1: 1 (5)
gs.gameover() = false
Running getAction for Player: 0
 current time 103 p0 player 0(0) p1 player 1(5)
T: 103, P0: 0 (0), P1: 1 (5)
gs.gameover() = false
Running getAction for Player: 0
 current time 104 p0 player 0(0) p1 player 1(5)
T: 104, P0: 0 (0), P1: 1 (5)
gs.gameover() = false
Running getAction for Player: 0
 current time 105 p0 player 0(0) p1 player 1(5)
T: 105, P0: 0 (0), P1: 1 (5)
gs.gameover() = false
Running getAction for Player: 0
 current time 106 p0 player 0(0) p1 player 1(5)
T: 106, P0: 0 (0), P1: 1 (5)
gs.gameover() = false
Running getAction for Player: 0
 current time 107 p0 player 0(0) p1 player 1(5)
T: 107, P0: 0 (0), P1: 1 (5)
gs.gameover() = false
Running getAction for Player: 0
 current time 108 p0 player 0(0) p1 player 1(5)
T: 108, P0: 0 (0), P1: 1 (5)
gs.gameover() = false
Running getAction for Player: 0
 current time 109 p0 player 0(0) p1 player 1(5)
T: 109, P0: 0 (0), P1: 1 (5)
gs.gameover() = false
Running getAction for Player: 0
 current time 110 p0 player 0(0) p1 player 1(5)
T: 110, P0: 0 (0), P1: 1 (5)
🟡 inside Harvest class : gmu3r2g
🎯 Executing Harvest for unit: Worker(8)(0, (0,1), 1, 0)
Resources carried: 0
Current position: (0,1)
Target: (0,0), Base: (2,1)
➡️ Moving toward resource at: (0,0)
✅ Directly adjacent to resource, issuing HARVEST action.
📤 Returned Final UnitAction: harvest(up)
 gmu3r2g : Final UnitAction for Worker(8)(0, (0,1), 1, 0): harvest(up)
🟡 inside Harvest class : gmu3r2g
🎯 Executing Harvest for unit: Worker(9)(1, (6,7), 1, 0)
Resources carried: 0
Current position: (6,7)
Target: (7,7), Base: (5,6)
➡️ Moving toward resource at: (7,7)
 164  in second block 
📤 Returned Final UnitAction: harvest(right)
 gmu3r2g : Final UnitAction for Worker(9)(1, (6,7), 1, 0): harvest(right)
 gmu3r2g : Final UnitAction for Worker(10)(1, (2,4), 1, 0): move(up)
 gmu3r2g : Final UnitAction for Worker(12)(1, (4,5), 1, 0): move(left)
gs.gameover() = false
Running getAction for Player: 0
 current time 111 p0 player 0(0) p1 player 1(5)
T: 111, P0: 0 (0), P1: 1 (5)
gs.gameover() = false
Running getAction for Player: 0
 current time 112 p0 player 0(0) p1 player 1(5)
T: 112, P0: 0 (0), P1: 1 (5)
gs.gameover() = false
Running getAction for Player: 0
 current time 113 p0 player 0(0) p1 player 1(5)
T: 113, P0: 0 (0), P1: 1 (5)
gs.gameover() = false
Running getAction for Player: 0
 current time 114 p0 player 0(0) p1 player 1(5)
T: 114, P0: 0 (0), P1: 1 (5)
gs.gameover() = false
Running getAction for Player: 0
 current time 115 p0 player 0(0) p1 player 1(5)
T: 115, P0: 0 (0), P1: 1 (5)
gs.gameover() = false
Running getAction for Player: 0
 current time 116 p0 player 0(0) p1 player 1(5)
T: 116, P0: 0 (0), P1: 1 (5)
gs.gameover() = false
Running getAction for Player: 0
 current time 117 p0 player 0(0) p1 player 1(5)
T: 117, P0: 0 (0), P1: 1 (5)
gs.gameover() = false
Running getAction for Player: 0
 current time 118 p0 player 0(0) p1 player 1(5)
T: 118, P0: 0 (0), P1: 1 (5)
gs.gameover() = false
Running getAction for Player: 0
 current time 119 p0 player 0(0) p1 player 1(5)
T: 119, P0: 0 (0), P1: 1 (5)
gs.gameover() = false
Running getAction for Player: 0
 current time 120 p0 player 0(0) p1 player 1(5)
T: 120, P0: 0 (0), P1: 1 (5)
 gmu3r2g : Final UnitAction for Worker(10)(1, (2,3), 1, 0): move(up)
 gmu3r2g : Final UnitAction for Worker(12)(1, (3,5), 1, 0): move(up)
gs.gameover() = false
Running getAction for Player: 0
 current time 121 p0 player 0(0) p1 player 1(5)
T: 121, P0: 0 (0), P1: 1 (5)
gs.gameover() = false
Running getAction for Player: 0
 current time 122 p0 player 0(0) p1 player 1(5)
T: 122, P0: 0 (0), P1: 1 (5)
gs.gameover() = false
Running getAction for Player: 0
 current time 123 p0 player 0(0) p1 player 1(5)
T: 123, P0: 0 (0), P1: 1 (5)
gs.gameover() = false
Running getAction for Player: 0
 current time 124 p0 player 0(0) p1 player 1(5)
T: 124, P0: 0 (0), P1: 1 (5)
gs.gameover() = false
Running getAction for Player: 0
 current time 125 p0 player 0(0) p1 player 1(5)
T: 125, P0: 0 (0), P1: 1 (5)
gs.gameover() = false
Running getAction for Player: 0
 current time 126 p0 player 0(0) p1 player 1(5)
T: 126, P0: 0 (0), P1: 1 (5)
gs.gameover() = false
Running getAction for Player: 0
 current time 127 p0 player 0(0) p1 player 1(5)
T: 127, P0: 0 (0), P1: 1 (5)
gs.gameover() = false
Running getAction for Player: 0
 current time 128 p0 player 0(0) p1 player 1(5)
T: 128, P0: 0 (0), P1: 1 (5)
gs.gameover() = false
Running getAction for Player: 0
 current time 129 p0 player 0(0) p1 player 1(5)
T: 129, P0: 0 (0), P1: 1 (5)
gs.gameover() = false
Running getAction for Player: 0
 current time 130 p0 player 0(0) p1 player 1(5)
T: 130, P0: 0 (0), P1: 1 (5)
🟡 inside Harvest class : gmu3r2g
🎯 Executing Harvest for unit: Worker(8)(0, (0,1), 1, 1)
Resources carried: 1
Current position: (0,1)
Target: (0,0), Base: (2,1)
⬅️ Returning to base at: (2,1)
✅ Returned UnitAction (move to base): move(right)
 gmu3r2g : Final UnitAction for Worker(8)(0, (0,1), 1, 1): move(right)
🟡 inside Harvest class : gmu3r2g
🎯 Executing Harvest for unit: Worker(9)(1, (6,7), 1, 1)
Resources carried: 1
Current position: (6,7)
Target: (7,7), Base: (5,6)
⬅️ Returning to base at: (5,6)
✅ Returned UnitAction (move to base): move(left)
 gmu3r2g : Final UnitAction for Worker(9)(1, (6,7), 1, 1): move(left)
 gmu3r2g : Final UnitAction for Worker(10)(1, (2,2), 1, 0): attack_location(2,1)
 gmu3r2g : Final UnitAction for Worker(12)(1, (3,4), 1, 0): move(up)
gs.gameover() = false
Running getAction for Player: 0
 current time 131 p0 player 0(0) p1 player 1(5)
T: 131, P0: 0 (0), P1: 1 (5)
gs.gameover() = false
Running getAction for Player: 0
 current time 132 p0 player 0(0) p1 player 1(5)
T: 132, P0: 0 (0), P1: 1 (5)
gs.gameover() = false
Running getAction for Player: 0
 current time 133 p0 player 0(0) p1 player 1(5)
T: 133, P0: 0 (0), P1: 1 (5)
gs.gameover() = false
Running getAction for Player: 0
 current time 134 p0 player 0(0) p1 player 1(5)
T: 134, P0: 0 (0), P1: 1 (5)
gs.gameover() = false
Running getAction for Player: 0
 current time 135 p0 player 0(0) p1 player 1(5)
T: 135, P0: 0 (0), P1: 1 (5)
 gmu3r2g : Final UnitAction for Worker(10)(1, (2,2), 1, 0): attack_location(2,1)
gs.gameover() = false
Running getAction for Player: 0
 current time 136 p0 player 0(0) p1 player 1(5)
T: 136, P0: 0 (0), P1: 1 (5)
gs.gameover() = false
Running getAction for Player: 0
 current time 137 p0 player 0(0) p1 player 1(5)
T: 137, P0: 0 (0), P1: 1 (5)
gs.gameover() = false
Running getAction for Player: 0
 current time 138 p0 player 0(0) p1 player 1(5)
T: 138, P0: 0 (0), P1: 1 (5)
gs.gameover() = false
Running getAction for Player: 0
 current time 139 p0 player 0(0) p1 player 1(5)
T: 139, P0: 0 (0), P1: 1 (5)
gs.gameover() = false
Running getAction for Player: 0
 current time 140 p0 player 0(0) p1 player 1(5)
T: 140, P0: 0 (0), P1: 1 (5)
🟡 inside Harvest class : gmu3r2g
🎯 Executing Harvest for unit: Worker(8)(0, (1,1), 1, 1)
Resources carried: 1
Current position: (1,1)
Target: (0,0), Base: (2,1)
⬅️ Returning to base at: (2,1)
⚠️  issue in they findPathToAdjacentPosition No path to adjacent cell of resource found. May be blocked or unreachable.
📤 Returned Final UnitAction: return(right)
 gmu3r2g : Final UnitAction for Worker(8)(0, (1,1), 1, 1): return(right)
🟡 inside Harvest class : gmu3r2g
🎯 Executing Harvest for unit: Worker(9)(1, (5,7), 1, 1)
Resources carried: 1
Current position: (5,7)
Target: (7,7), Base: (5,6)
⬅️ Returning to base at: (5,6)
⚠️  issue in they findPathToAdjacentPosition No path to adjacent cell of resource found. May be blocked or unreachable.
📤 Returned Final UnitAction: return(up)
 gmu3r2g : Final UnitAction for Worker(9)(1, (5,7), 1, 1): return(up)
 gmu3r2g : Final UnitAction for Worker(10)(1, (2,2), 1, 0): attack_location(2,1)
 gmu3r2g : Final UnitAction for Worker(12)(1, (3,3), 1, 0): move(up)
gs.gameover() = false
Running getAction for Player: 0
 current time 141 p0 player 0(0) p1 player 1(5)
T: 141, P0: 0 (0), P1: 1 (5)
gs.gameover() = false
Running getAction for Player: 0
 current time 142 p0 player 0(0) p1 player 1(5)
T: 142, P0: 0 (0), P1: 1 (5)
gs.gameover() = false
Running getAction for Player: 0
 current time 143 p0 player 0(0) p1 player 1(5)
T: 143, P0: 0 (0), P1: 1 (5)
gs.gameover() = false
Running getAction for Player: 0
 current time 144 p0 player 0(0) p1 player 1(5)
T: 144, P0: 0 (0), P1: 1 (5)
gs.gameover() = false
Running getAction for Player: 0
 current time 145 p0 player 0(0) p1 player 1(5)
T: 145, P0: 0 (0), P1: 1 (5)
 gmu3r2g : Final UnitAction for Worker(10)(1, (2,2), 1, 0): attack_location(2,1)
gs.gameover() = false
Running getAction for Player: 0
 current time 146 p0 player 0(0) p1 player 1(5)
T: 146, P0: 0 (0), P1: 1 (5)
gs.gameover() = false
Running getAction for Player: 0
 current time 147 p0 player 0(0) p1 player 1(5)
T: 147, P0: 0 (0), P1: 1 (5)
gs.gameover() = false
Running getAction for Player: 0
 current time 148 p0 player 0(0) p1 player 1(5)
T: 148, P0: 0 (0), P1: 1 (5)
gs.gameover() = false
Running getAction for Player: 0
 current time 149 p0 player 0(0) p1 player 1(5)
T: 149, P0: 0 (0), P1: 1 (5)
gs.gameover() = false
Running getAction for Player: 0
 current time 150 p0 player 0(1) p1 player 1(5)
T: 150, P0: 0 (1), P1: 1 (5)
🟡 inside Harvest class : gmu3r2g
🎯 Executing Harvest for unit: Worker(8)(0, (1,1), 1, 0)
Resources carried: 0
Current position: (1,1)
Target: (0,0), Base: (2,1)
➡️ Moving toward resource at: (0,0)
✅ Returned UnitAction (move to resource): move(left)
 gmu3r2g : Final UnitAction for Worker(8)(0, (1,1), 1, 0): move(left)
 gmu3r2g : Final UnitAction for Base(6)(0, (2,1), 6, 0): produce(up,Worker)
🟡 inside Harvest class : gmu3r2g
🎯 Executing Harvest for unit: Worker(9)(1, (5,7), 1, 0)
Resources carried: 0
Current position: (5,7)
Target: (7,7), Base: (5,6)
➡️ Moving toward resource at: (7,7)
✅ Returned UnitAction (move to resource): move(right)
 gmu3r2g : Final UnitAction for Worker(9)(1, (5,7), 1, 0): move(right)
 gmu3r2g : Final UnitAction for Worker(10)(1, (2,2), 1, 0): attack_location(2,1)
 gmu3r2g : Final UnitAction for Worker(12)(1, (3,2), 1, 0): move(up)
 gmu3r2g : Final UnitAction for Base(7)(1, (5,6), 10, 0): produce(up,Worker)
 gmu3r2g : Final UnitAction for Worker(13)(1, (6,6), 1, 0): move(up)
gs.gameover() = false
Running getAction for Player: 0
 current time 151 p0 player 0(1) p1 player 1(5)
T: 151, P0: 0 (1), P1: 1 (5)
gs.gameover() = false
Running getAction for Player: 0
 current time 152 p0 player 0(1) p1 player 1(5)
T: 152, P0: 0 (1), P1: 1 (5)
gs.gameover() = false
Running getAction for Player: 0
 current time 153 p0 player 0(1) p1 player 1(5)
T: 153, P0: 0 (1), P1: 1 (5)
gs.gameover() = false
Running getAction for Player: 0
 current time 154 p0 player 0(1) p1 player 1(5)
T: 154, P0: 0 (1), P1: 1 (5)
gs.gameover() = false
Running getAction for Player: 0
 current time 155 p0 player 0(1) p1 player 1(5)
T: 155, P0: 0 (1), P1: 1 (5)
 gmu3r2g : Final UnitAction for Worker(10)(1, (2,2), 1, 0): attack_location(2,1)
gs.gameover() = false
Running getAction for Player: 0
 current time 156 p0 player 0(1) p1 player 1(5)
T: 156, P0: 0 (1), P1: 1 (5)
gs.gameover() = false
Running getAction for Player: 0
 current time 157 p0 player 0(1) p1 player 1(5)
T: 157, P0: 0 (1), P1: 1 (5)
gs.gameover() = false
Running getAction for Player: 0
 current time 158 p0 player 0(1) p1 player 1(5)
T: 158, P0: 0 (1), P1: 1 (5)
gs.gameover() = false
Running getAction for Player: 0
 current time 159 p0 player 0(1) p1 player 1(5)
T: 159, P0: 0 (1), P1: 1 (5)
gs.gameover() = false
Running getAction for Player: 0
 current time 160 p0 player 0(1) p1 player 1(5)
T: 160, P0: 0 (1), P1: 1 (5)
🟡 inside Harvest class : gmu3r2g
🎯 Executing Harvest for unit: Worker(8)(0, (0,1), 1, 0)
Resources carried: 0
Current position: (0,1)
Target: (0,0), Base: (2,1)
➡️ Moving toward resource at: (0,0)
✅ Directly adjacent to resource, issuing HARVEST action.
📤 Returned Final UnitAction: harvest(up)
 gmu3r2g : Final UnitAction for Worker(8)(0, (0,1), 1, 0): harvest(up)
🟡 inside Harvest class : gmu3r2g
🎯 Executing Harvest for unit: Worker(9)(1, (6,7), 1, 0)
Resources carried: 0
Current position: (6,7)
Target: (7,7), Base: (5,6)
➡️ Moving toward resource at: (7,7)
 164  in second block 
📤 Returned Final UnitAction: harvest(right)
 gmu3r2g : Final UnitAction for Worker(9)(1, (6,7), 1, 0): harvest(right)
 gmu3r2g : Final UnitAction for Worker(10)(1, (2,2), 1, 0): attack_location(2,1)
 gmu3r2g : Final UnitAction for Worker(12)(1, (3,1), 1, 0): attack_location(2,1)
 gmu3r2g : Final UnitAction for Worker(13)(1, (6,5), 1, 0): move(up)
gs.gameover() = false
Running getAction for Player: 0
 current time 161 p0 player 0(1) p1 player 1(5)
T: 161, P0: 0 (1), P1: 1 (5)
gs.gameover() = false
Running getAction for Player: 0
 current time 162 p0 player 0(1) p1 player 1(5)
T: 162, P0: 0 (1), P1: 1 (5)
gs.gameover() = false
Running getAction for Player: 0
 current time 163 p0 player 0(1) p1 player 1(5)
T: 163, P0: 0 (1), P1: 1 (5)
gs.gameover() = false
Running getAction for Player: 0
 current time 164 p0 player 0(1) p1 player 1(5)
T: 164, P0: 0 (1), P1: 1 (5)
gs.gameover() = false
Running getAction for Player: 0
 current time 165 p0 player 0(1) p1 player 1(5)
T: 165, P0: 0 (1), P1: 1 (5)
 gmu3r2g : Final UnitAction for Worker(10)(1, (2,2), 1, 0): attack_location(2,1)
 gmu3r2g : Final UnitAction for Worker(12)(1, (3,1), 1, 0): attack_location(2,1)
gs.gameover() = false
Running getAction for Player: 0
 current time 166 p0 player 0(1) p1 player 1(5)
T: 166, P0: 0 (1), P1: 1 (5)
gs.gameover() = false
Running getAction for Player: 0
 current time 167 p0 player 0(1) p1 player 1(5)
T: 167, P0: 0 (1), P1: 1 (5)
gs.gameover() = false
Running getAction for Player: 0
 current time 168 p0 player 0(1) p1 player 1(5)
T: 168, P0: 0 (1), P1: 1 (5)
gs.gameover() = false
Running getAction for Player: 0
 current time 169 p0 player 0(1) p1 player 1(5)
T: 169, P0: 0 (1), P1: 1 (5)
gs.gameover() = false
Running getAction for Player: 0
 current time 170 p0 player 0(1) p1 player 1(5)
T: 170, P0: 0 (1), P1: 1 (5)
 gmu3r2g : Final UnitAction for Worker(10)(1, (2,2), 1, 0): move(left)
 gmu3r2g : Final UnitAction for Worker(12)(1, (3,1), 1, 0): move(left)
 gmu3r2g : Final UnitAction for Worker(13)(1, (6,4), 1, 0): move(left)
gs.gameover() = false
Running getAction for Player: 0
 current time 171 p0 player 0(1) p1 player 1(5)
T: 171, P0: 0 (1), P1: 1 (5)
gs.gameover() = false
Running getAction for Player: 0
 current time 172 p0 player 0(1) p1 player 1(5)
T: 172, P0: 0 (1), P1: 1 (5)
gs.gameover() = false
Running getAction for Player: 0
 current time 173 p0 player 0(1) p1 player 1(5)
T: 173, P0: 0 (1), P1: 1 (5)
gs.gameover() = false
Running getAction for Player: 0
 current time 174 p0 player 0(1) p1 player 1(5)
T: 174, P0: 0 (1), P1: 1 (5)
gs.gameover() = false
Running getAction for Player: 0
 current time 175 p0 player 0(1) p1 player 1(5)
T: 175, P0: 0 (1), P1: 1 (5)
gs.gameover() = false
Running getAction for Player: 0
 current time 176 p0 player 0(1) p1 player 1(5)
T: 176, P0: 0 (1), P1: 1 (5)
gs.gameover() = false
Running getAction for Player: 0
 current time 177 p0 player 0(1) p1 player 1(5)
T: 177, P0: 0 (1), P1: 1 (5)
gs.gameover() = false
Running getAction for Player: 0
 current time 178 p0 player 0(1) p1 player 1(5)
T: 178, P0: 0 (1), P1: 1 (5)
gs.gameover() = false
Running getAction for Player: 0
 current time 179 p0 player 0(1) p1 player 1(5)
T: 179, P0: 0 (1), P1: 1 (5)
gs.gameover() = false
Running getAction for Player: 0
 current time 180 p0 player 0(1) p1 player 1(5)
T: 180, P0: 0 (1), P1: 1 (5)
🟡 inside Harvest class : gmu3r2g
🎯 Executing Harvest for unit: Worker(9)(1, (6,7), 1, 1)
Resources carried: 1
Current position: (6,7)
Target: (7,7), Base: (5,6)
⬅️ Returning to base at: (5,6)
✅ Returned UnitAction (move to base): move(left)
 gmu3r2g : Final UnitAction for Worker(9)(1, (6,7), 1, 1): move(left)
 gmu3r2g : Final UnitAction for Worker(10)(1, (1,2), 1, 0): move(left)
 gmu3r2g : Final UnitAction for Worker(12)(1, (2,1), 1, 0): move(left)
gs.gameover() = false
Running getAction for Player: 0
 current time 181 p0 player 0(1) p1 player 1(5)
T: 181, P0: 0 (1), P1: 1 (5)
gs.gameover() = false
Running getAction for Player: 0
 current time 182 p0 player 0(1) p1 player 1(5)
T: 182, P0: 0 (1), P1: 1 (5)
gs.gameover() = false
Running getAction for Player: 0
 current time 183 p0 player 0(1) p1 player 1(5)
T: 183, P0: 0 (1), P1: 1 (5)
gs.gameover() = false
Running getAction for Player: 0
 current time 184 p0 player 0(1) p1 player 1(5)
T: 184, P0: 0 (1), P1: 1 (5)
gs.gameover() = false
Running getAction for Player: 0
 current time 185 p0 player 0(1) p1 player 1(5)
T: 185, P0: 0 (1), P1: 1 (5)
gs.gameover() = false
Running getAction for Player: 0
 current time 186 p0 player 0(1) p1 player 1(5)
T: 186, P0: 0 (1), P1: 1 (5)
gs.gameover() = false
Running getAction for Player: 0
 current time 187 p0 player 0(1) p1 player 1(5)
T: 187, P0: 0 (1), P1: 1 (5)
gs.gameover() = false
Running getAction for Player: 0
 current time 188 p0 player 0(1) p1 player 1(5)
T: 188, P0: 0 (1), P1: 1 (5)
gs.gameover() = false
Running getAction for Player: 0
 current time 189 p0 player 0(1) p1 player 1(5)
T: 189, P0: 0 (1), P1: 1 (5)
gs.gameover() = false
Running getAction for Player: 0
 current time 190 p0 player 0(1) p1 player 1(5)
T: 190, P0: 0 (1), P1: 1 (5)
🟡 inside Harvest class : gmu3r2g
🎯 Executing Harvest for unit: Worker(9)(1, (5,7), 1, 1)
Resources carried: 1
Current position: (5,7)
Target: (7,7), Base: (5,6)
⬅️ Returning to base at: (5,6)
⚠️  issue in they findPathToAdjacentPosition No path to adjacent cell of resource found. May be blocked or unreachable.
📤 Returned Final UnitAction: return(up)
 gmu3r2g : Final UnitAction for Worker(9)(1, (5,7), 1, 1): return(up)
 gmu3r2g : Final UnitAction for Worker(10)(1, (0,2), 1, 0): attack_location(0,1)
 gmu3r2g : Final UnitAction for Worker(12)(1, (1,1), 1, 0): attack_location(0,1)
gs.gameover() = false
Running getAction for Player: 0
 current time 191 p0 player 0(1) p1 player 1(5)
T: 191, P0: 0 (1), P1: 1 (5)
gs.gameover() = false
Running getAction for Player: 0
 current time 192 p0 player 0(1) p1 player 1(5)
T: 192, P0: 0 (1), P1: 1 (5)
gs.gameover() = false
Running getAction for Player: 0
 current time 193 p0 player 0(1) p1 player 1(5)
T: 193, P0: 0 (1), P1: 1 (5)
gs.gameover() = false
Running getAction for Player: 0
 current time 194 p0 player 0(1) p1 player 1(5)
T: 194, P0: 0 (1), P1: 1 (5)
gs.gameover() = false
Running getAction for Player: 0
 current time 195 p0 player 0(1) p1 player 1(5)
T: 195, P0: 0 (1), P1: 1 (5)
 gmu3r2g : Final UnitAction for Worker(10)(1, (0,2), 1, 0): move(right)
 gmu3r2g : Final UnitAction for Worker(12)(1, (1,1), 1, 0): attack_location(1,0)
gs.gameover() = false
Running getAction for Player: 0
 current time 196 p0 player 0(1) p1 player 1(5)
T: 196, P0: 0 (1), P1: 1 (5)
gs.gameover() = false
Running getAction for Player: 0
 current time 197 p0 player 0(1) p1 player 1(5)
T: 197, P0: 0 (1), P1: 1 (5)
gs.gameover() = false
Running getAction for Player: 0
 current time 198 p0 player 0(1) p1 player 1(5)
T: 198, P0: 0 (1), P1: 1 (5)
gs.gameover() = false
Running getAction for Player: 0
 current time 199 p0 player 0(1) p1 player 1(5)
T: 199, P0: 0 (1), P1: 1 (5)
gs.gameover() = false
Running getAction for Player: 0
 current time 200 p0 player 0(1) p1 player 1(5)
T: 200, P0: 0 (1), P1: 1 (5)
🟡 inside Harvest class : gmu3r2g
🎯 Executing Harvest for unit: Worker(9)(1, (5,7), 1, 0)
Resources carried: 0
Current position: (5,7)
Target: (7,7), Base: (5,6)
➡️ Moving toward resource at: (7,7)
✅ Returned UnitAction (move to resource): move(right)
 gmu3r2g : Final UnitAction for Worker(9)(1, (5,7), 1, 0): move(right)
 gmu3r2g : Final UnitAction for Worker(12)(1, (1,1), 1, 0): attack_location(1,0)
 gmu3r2g : Final UnitAction for Worker(13)(1, (5,4), 1, 0): move(left)
 gmu3r2g : Final UnitAction for Base(7)(1, (5,6), 10, 0): produce(right,Worker)
 gmu3r2g : Final UnitAction for Worker(14)(1, (5,5), 1, 0): move(left)
gs.gameover() = false
Running getAction for Player: 0
 current time 201 p0 player 0(1) p1 player 1(5)
T: 201, P0: 0 (1), P1: 1 (5)
gs.gameover() = false
Running getAction for Player: 0
 current time 202 p0 player 0(1) p1 player 1(5)
T: 202, P0: 0 (1), P1: 1 (5)
gs.gameover() = false
Running getAction for Player: 0
 current time 203 p0 player 0(1) p1 player 1(5)
T: 203, P0: 0 (1), P1: 1 (5)
gs.gameover() = false
Running getAction for Player: 0
 current time 204 p0 player 0(1) p1 player 1(5)
T: 204, P0: 0 (1), P1: 1 (5)
gs.gameover() = false
Running getAction for Player: 0
 current time 205 p0 player 0(1) p1 player 1(5)
T: 205, P0: 0 (1), P1: 1 (5)
 gmu3r2g : Final UnitAction for Worker(10)(1, (1,2), 1, 0): move(right)
 gmu3r2g : Final UnitAction for Worker(12)(1, (1,1), 1, 0): attack_location(1,0)
gs.gameover() = false
Running getAction for Player: 0
 current time 206 p0 player 0(1) p1 player 1(5)
T: 206, P0: 0 (1), P1: 1 (5)
gs.gameover() = false
Running getAction for Player: 0
 current time 207 p0 player 0(1) p1 player 1(5)
T: 207, P0: 0 (1), P1: 1 (5)
gs.gameover() = false
Running getAction for Player: 0
 current time 208 p0 player 0(1) p1 player 1(5)
T: 208, P0: 0 (1), P1: 1 (5)
gs.gameover() = false
Running getAction for Player: 0
 current time 209 p0 player 0(1) p1 player 1(5)
T: 209, P0: 0 (1), P1: 1 (5)
gs.gameover() = false
Running getAction for Player: 0
 current time 210 p0 player 0(1) p1 player 1(5)
T: 210, P0: 0 (1), P1: 1 (5)
🟡 inside Harvest class : gmu3r2g
🎯 Executing Harvest for unit: Worker(9)(1, (6,7), 1, 0)
Resources carried: 0
Current position: (6,7)
Target: (7,7), Base: (5,6)
➡️ Moving toward resource at: (7,7)
 164  in second block 
📤 Returned Final UnitAction: harvest(right)
 gmu3r2g : Final UnitAction for Worker(9)(1, (6,7), 1, 0): harvest(right)
 gmu3r2g : Final UnitAction for Worker(12)(1, (1,1), 1, 0): attack_location(1,0)
 gmu3r2g : Final UnitAction for Worker(13)(1, (4,4), 1, 0): move(left)
 gmu3r2g : Final UnitAction for Worker(14)(1, (4,5), 1, 0): move(right)
gs.gameover() = false
Running getAction for Player: 0
 current time 211 p0 player 0(1) p1 player 1(5)
T: 211, P0: 0 (1), P1: 1 (5)
gs.gameover() = false
Running getAction for Player: 0
 current time 212 p0 player 0(1) p1 player 1(5)
T: 212, P0: 0 (1), P1: 1 (5)
gs.gameover() = false
Running getAction for Player: 0
 current time 213 p0 player 0(1) p1 player 1(5)
T: 213, P0: 0 (1), P1: 1 (5)
gs.gameover() = false
Running getAction for Player: 0
 current time 214 p0 player 0(1) p1 player 1(5)
T: 214, P0: 0 (1), P1: 1 (5)

=== GAME RESULT ===
FINAL_TICK: 215
WINNER: 1
Player 1 wins!
===================
