----------Game Settings----------
Running as Server: STANDALONE
Server Address: localhost
Server Port: 9898
Serialization Type: 2
Map Location: maps/8x8/basesWorkers8x8.xml
Max Cycles: 5000
Partially Observable: false
Rules Version: 2
Conflict Policy: 1
AI1: ai.abstraction.EAGLESurrogate
AI2: ai.abstraction.WorkerRush
------------------------------------------------
 166  gmu3r2g   searching for Move flow of UnittypeTable  : -> rts.units.UnitTypeTable PGSAI 
 maxCycles --> 5000
 headless --> true
 updateInterval --> 50
 partiallyObservable --> false
 in this 3 file AIWithComputationBudget ai.abstraction.EAGLESurrogate  nd mg546924 38. timeBudget:  -1  iterationsBudget : -1
 in this  45 : abstract layer ai ai.abstraction.EAGLESurrogate  1 second class  nd mg546924 45 AStarPathFinding
 in this 3 file AIWithComputationBudget ai.abstraction.WorkerRush  nd mg546924 38. timeBudget:  -1  iterationsBudget : -1
 in this  45 : abstract layer ai ai.abstraction.WorkerRush  1 second class  nd mg546924 45 AStarPathFinding
 in this 3 file AIWithComputationBudget ai.abstraction.EAGLESurrogate  nd mg546924 38. timeBudget:  -1  iterationsBudget : -1
 in this  45 : abstract layer ai ai.abstraction.EAGLESurrogate  1 second class  nd mg546924 45 AStarPathFinding
 -->in Game rts gmu3r2g 43    EAGLESurrogate(AStarPathFinding)
 in this 3 file AIWithComputationBudget ai.abstraction.WorkerRush  nd mg546924 38. timeBudget:  -1  iterationsBudget : -1
 in this  45 : abstract layer ai ai.abstraction.WorkerRush  1 second class  nd mg546924 45 AStarPathFinding
 -->in Game rts gmu3r2g 54    WorkerRush(AStarPathFinding)
 ai1 --> EAGLESurrogate(AStarPathFinding)
 ai1 --> WorkerRush(AStarPathFinding)
 in this 55 second class  nd mg546924 56 
 in this 57 second class  nd mg546924 56 
 in this 55 second class  nd mg546924 56 
 in this 57 second class  nd mg546924 56 
 gmu3r2g : Final UnitAction for Base(6)(0, (2,1), 10, 0): produce(up,Worker)
Assigned Harvest to unit: Worker(9)(1, (6,6), 1, 0) target: Resource(5)(-1, (7,7), 1, 20) base: Base(7)(1, (5,6), 10, 0)
Current actions map: {Base(7)(1, (5,6), 10, 0)=ai.abstraction.Train@75a1cd57, Worker(9)(1, (6,6), 1, 0)=ai.abstraction.Harvest@3d012ddd}
 ---> gmu3r2g inside 136 : abstraction layer ai : 136  harvest  
🟡 inside Harvest class : gmu3r2g
🎯 Executing Harvest for unit: Worker(9)(1, (6,6), 1, 0)
Resources carried: 0
Current position: (6,6)
Target: (7,7), Base: (5,6)
➡️ Moving toward resource at: (7,7)
✅ Returned UnitAction (move to resource): move(down)
 gmu3r2g : Final UnitAction for Base(7)(1, (5,6), 10, 0): produce(down,Worker)
 gmu3r2g : Final UnitAction for Worker(9)(1, (6,6), 1, 0): move(down)
🟡 inside Harvest class : gmu3r2g
🎯 Executing Harvest for unit: Worker(9)(1, (6,7), 1, 0)
Resources carried: 0
Current position: (6,7)
Target: (7,7), Base: (5,6)
➡️ Moving toward resource at: (7,7)
 164  in second block 
📤 Returned Final UnitAction: harvest(right)
 gmu3r2g : Final UnitAction for Worker(9)(1, (6,7), 1, 0): harvest(right)
🟡 inside Harvest class : gmu3r2g
🎯 Executing Harvest for unit: Worker(9)(1, (6,7), 1, 1)
Resources carried: 1
Current position: (6,7)
Target: (7,7), Base: (5,6)
⬅️ Returning to base at: (5,6)
✅ Returned UnitAction (move to base): move(up)
 gmu3r2g : Final UnitAction for Worker(9)(1, (6,7), 1, 1): move(up)
🟡 inside Harvest class : gmu3r2g
🎯 Executing Harvest for unit: Worker(9)(1, (6,6), 1, 1)
Resources carried: 1
Current position: (6,6)
Target: (7,7), Base: (5,6)
⬅️ Returning to base at: (5,6)
⚠️  issue in they findPathToAdjacentPosition No path to adjacent cell of resource found. May be blocked or unreachable.
📤 Returned Final UnitAction: return(left)
 gmu3r2g : Final UnitAction for Worker(9)(1, (6,6), 1, 1): return(left)
Assigned Harvest to unit: Worker(8)(0, (1,1), 1, 0) target: Resource(4)(-1, (0,0), 1, 20) base: Base(6)(0, (2,1), 10, 0)
Current actions map: {Worker(8)(0, (1,1), 1, 0)=ai.abstraction.Harvest@53bd815b, Base(6)(0, (2,1), 10, 0)=ai.abstraction.Train@2401f4c3}
 ---> gmu3r2g inside 136 : abstraction layer ai : 136  harvest  
Assigned Harvest to unit: Worker(10)(0, (2,0), 1, 0) target: Resource(4)(-1, (0,0), 1, 20) base: Base(6)(0, (2,1), 10, 0)
Current actions map: {Worker(8)(0, (1,1), 1, 0)=ai.abstraction.Harvest@53bd815b, Base(6)(0, (2,1), 10, 0)=ai.abstraction.Train@2401f4c3, Worker(10)(0, (2,0), 1, 0)=ai.abstraction.Harvest@7637f22}
 ---> gmu3r2g inside 136 : abstraction layer ai : 136  harvest  
🟡 inside Harvest class : gmu3r2g
🎯 Executing Harvest for unit: Worker(8)(0, (1,1), 1, 0)
Resources carried: 0
Current position: (1,1)
Target: (0,0), Base: (2,1)
➡️ Moving toward resource at: (0,0)
✅ Returned UnitAction (move to resource): move(left)
🟡 inside Harvest class : gmu3r2g
🎯 Executing Harvest for unit: Worker(10)(0, (2,0), 1, 0)
Resources carried: 0
Current position: (2,0)
Target: (0,0), Base: (2,1)
➡️ Moving toward resource at: (0,0)
✅ Returned UnitAction (move to resource): move(left)
 gmu3r2g : Final UnitAction for Worker(8)(0, (1,1), 1, 0): move(left)
 gmu3r2g : Final UnitAction for Base(6)(0, (2,1), 10, 0): produce(right,Worker)
 gmu3r2g : Final UnitAction for Worker(10)(0, (2,0), 1, 0): move(left)
🟡 inside Harvest class : gmu3r2g
🎯 Executing Harvest for unit: Worker(9)(1, (6,6), 1, 0)
Resources carried: 0
Current position: (6,6)
Target: (7,7), Base: (5,6)
➡️ Moving toward resource at: (7,7)
✅ Returned UnitAction (move to resource): move(down)
 gmu3r2g : Final UnitAction for Worker(9)(1, (6,6), 1, 0): move(down)
 gmu3r2g : Final UnitAction for Base(7)(1, (5,6), 10, 0): produce(up,Worker)
 gmu3r2g : Final UnitAction for Worker(11)(1, (5,7), 1, 0): move(left)
🟡 inside Harvest class : gmu3r2g
🎯 Executing Harvest for unit: Worker(8)(0, (0,1), 1, 0)
Resources carried: 0
Current position: (0,1)
Target: (0,0), Base: (2,1)
➡️ Moving toward resource at: (0,0)
✅ Directly adjacent to resource, issuing HARVEST action.
📤 Returned Final UnitAction: harvest(up)
🟡 inside Harvest class : gmu3r2g
🎯 Executing Harvest for unit: Worker(10)(0, (1,0), 1, 0)
Resources carried: 0
Current position: (1,0)
Target: (0,0), Base: (2,1)
➡️ Moving toward resource at: (0,0)
 171  in 4rd block 
📤 Returned Final UnitAction: harvest(left)
 gmu3r2g : Final UnitAction for Worker(8)(0, (0,1), 1, 0): harvest(up)
 gmu3r2g : Final UnitAction for Worker(10)(0, (1,0), 1, 0): harvest(left)
🟡 inside Harvest class : gmu3r2g
🎯 Executing Harvest for unit: Worker(9)(1, (6,7), 1, 0)
Resources carried: 0
Current position: (6,7)
Target: (7,7), Base: (5,6)
➡️ Moving toward resource at: (7,7)
 164  in second block 
📤 Returned Final UnitAction: harvest(right)
 gmu3r2g : Final UnitAction for Worker(9)(1, (6,7), 1, 0): harvest(right)
 gmu3r2g : Final UnitAction for Worker(11)(1, (4,7), 1, 0): move(left)
 gmu3r2g : Final UnitAction for Worker(11)(1, (3,7), 1, 0): move(left)
🟡 inside Harvest class : gmu3r2g
🎯 Executing Harvest for unit: Worker(8)(0, (0,1), 1, 1)
Resources carried: 1
Current position: (0,1)
Target: (0,0), Base: (2,1)
⬅️ Returning to base at: (2,1)
✅ Returned UnitAction (move to base): move(right)
🟡 inside Harvest class : gmu3r2g
🎯 Executing Harvest for unit: Worker(10)(0, (1,0), 1, 1)
Resources carried: 1
Current position: (1,0)
Target: (0,0), Base: (2,1)
⬅️ Returning to base at: (2,1)
✅ Returned UnitAction (move to base): move(right)
 gmu3r2g : Final UnitAction for Worker(8)(0, (0,1), 1, 1): move(right)
 gmu3r2g : Final UnitAction for Worker(10)(0, (1,0), 1, 1): move(right)
🟡 inside Harvest class : gmu3r2g
🎯 Executing Harvest for unit: Worker(9)(1, (6,7), 1, 1)
Resources carried: 1
Current position: (6,7)
Target: (7,7), Base: (5,6)
⬅️ Returning to base at: (5,6)
✅ Returned UnitAction (move to base): move(left)
 gmu3r2g : Final UnitAction for Worker(9)(1, (6,7), 1, 1): move(left)
 gmu3r2g : Final UnitAction for Worker(11)(1, (2,7), 1, 0): move(up)
🟡 inside Harvest class : gmu3r2g
🎯 Executing Harvest for unit: Worker(8)(0, (1,1), 1, 1)
Resources carried: 1
Current position: (1,1)
Target: (0,0), Base: (2,1)
⬅️ Returning to base at: (2,1)
⚠️  issue in they findPathToAdjacentPosition No path to adjacent cell of resource found. May be blocked or unreachable.
📤 Returned Final UnitAction: return(right)
🟡 inside Harvest class : gmu3r2g
🎯 Executing Harvest for unit: Worker(10)(0, (2,0), 1, 1)
Resources carried: 1
Current position: (2,0)
Target: (0,0), Base: (2,1)
⬅️ Returning to base at: (2,1)
⚠️  issue in they findPathToAdjacentPosition No path to adjacent cell of resource found. May be blocked or unreachable.
📤 Returned Final UnitAction: return(down)
 gmu3r2g : Final UnitAction for Worker(8)(0, (1,1), 1, 1): return(right)
 gmu3r2g : Final UnitAction for Worker(10)(0, (2,0), 1, 1): return(down)
🟡 inside Harvest class : gmu3r2g
🎯 Executing Harvest for unit: Worker(9)(1, (5,7), 1, 1)
Resources carried: 1
Current position: (5,7)
Target: (7,7), Base: (5,6)
⬅️ Returning to base at: (5,6)
⚠️  issue in they findPathToAdjacentPosition No path to adjacent cell of resource found. May be blocked or unreachable.
📤 Returned Final UnitAction: return(up)
 gmu3r2g : Final UnitAction for Worker(9)(1, (5,7), 1, 1): return(up)
 gmu3r2g : Final UnitAction for Worker(11)(1, (2,6), 1, 0): move(up)
Assigned Harvest to unit: Worker(12)(0, (3,1), 1, 0) target: Resource(4)(-1, (0,0), 1, 18) base: Base(6)(0, (2,1), 10, 0)
Current actions map: {Worker(8)(0, (1,1), 1, 0)=ai.abstraction.Build@762efe5d, Worker(10)(0, (2,0), 1, 0)=ai.abstraction.Harvest@7637f22, Base(6)(0, (2,1), 10, 0)=ai.abstraction.Train@5d22bbb7, Worker(12)(0, (3,1), 1, 0)=ai.abstraction.Harvest@41a4555e}
 ---> gmu3r2g inside 136 : abstraction layer ai : 136  harvest  
🟡 inside Harvest class : gmu3r2g
🎯 Executing Harvest for unit: Worker(10)(0, (2,0), 1, 0)
Resources carried: 0
Current position: (2,0)
Target: (0,0), Base: (2,1)
➡️ Moving toward resource at: (0,0)
✅ Returned UnitAction (move to resource): move(right)
🟡 inside Harvest class : gmu3r2g
🎯 Executing Harvest for unit: Worker(12)(0, (3,1), 1, 0)
Resources carried: 0
Current position: (3,1)
Target: (0,0), Base: (2,1)
➡️ Moving toward resource at: (0,0)
✅ Returned UnitAction (move to resource): move(down)
 gmu3r2g : Final UnitAction for Worker(8)(0, (1,1), 1, 0): produce(up,Barracks)
 gmu3r2g : Final UnitAction for Worker(10)(0, (2,0), 1, 0): move(right)
 gmu3r2g : Final UnitAction for Worker(12)(0, (3,1), 1, 0): move(down)
🟡 inside Harvest class : gmu3r2g
🎯 Executing Harvest for unit: Worker(9)(1, (5,7), 1, 0)
Resources carried: 0
Current position: (5,7)
Target: (7,7), Base: (5,6)
➡️ Moving toward resource at: (7,7)
✅ Returned UnitAction (move to resource): move(right)
 gmu3r2g : Final UnitAction for Worker(9)(1, (5,7), 1, 0): move(right)
 gmu3r2g : Final UnitAction for Worker(11)(1, (2,5), 1, 0): move(up)
 gmu3r2g : Final UnitAction for Base(7)(1, (5,6), 10, 0): produce(right,Worker)
 gmu3r2g : Final UnitAction for Worker(13)(1, (5,5), 1, 0): move(left)
🟡 inside Harvest class : gmu3r2g
🎯 Executing Harvest for unit: Worker(10)(0, (3,0), 1, 0)
Resources carried: 0
Current position: (3,0)
Target: (0,0), Base: (2,1)
➡️ Moving toward resource at: (0,0)
✅ Returned UnitAction (move to resource): move(down)
🟡 inside Harvest class : gmu3r2g
🎯 Executing Harvest for unit: Worker(12)(0, (3,2), 1, 0)
Resources carried: 0
Current position: (3,2)
Target: (0,0), Base: (2,1)
➡️ Moving toward resource at: (0,0)
✅ Returned UnitAction (move to resource): move(left)
 gmu3r2g : Final UnitAction for Worker(10)(0, (3,0), 1, 0): move(down)
 gmu3r2g : Final UnitAction for Worker(12)(0, (3,2), 1, 0): move(left)
🟡 inside Harvest class : gmu3r2g
🎯 Executing Harvest for unit: Worker(9)(1, (6,7), 1, 0)
Resources carried: 0
Current position: (6,7)
Target: (7,7), Base: (5,6)
➡️ Moving toward resource at: (7,7)
 164  in second block 
📤 Returned Final UnitAction: harvest(right)
 gmu3r2g : Final UnitAction for Worker(9)(1, (6,7), 1, 0): harvest(right)
 gmu3r2g : Final UnitAction for Worker(11)(1, (2,4), 1, 0): move(up)
 gmu3r2g : Final UnitAction for Worker(13)(1, (4,5), 1, 0): move(left)
🟡 inside Harvest class : gmu3r2g
🎯 Executing Harvest for unit: Worker(10)(0, (3,1), 1, 0)
Resources carried: 0
Current position: (3,1)
Target: (0,0), Base: (2,1)
➡️ Moving toward resource at: (0,0)
✅ Returned UnitAction (move to resource): move(down)
🟡 inside Harvest class : gmu3r2g
🎯 Executing Harvest for unit: Worker(12)(0, (2,2), 1, 0)
Resources carried: 0
Current position: (2,2)
Target: (0,0), Base: (2,1)
➡️ Moving toward resource at: (0,0)
✅ Returned UnitAction (move to resource): move(left)
 gmu3r2g : Final UnitAction for Worker(10)(0, (3,1), 1, 0): move(down)
 gmu3r2g : Final UnitAction for Worker(12)(0, (2,2), 1, 0): move(left)
 gmu3r2g : Final UnitAction for Worker(11)(1, (2,3), 1, 0): attack_location(2,2)
 gmu3r2g : Final UnitAction for Worker(13)(1, (3,5), 1, 0): move(up)
 gmu3r2g : Final UnitAction for Worker(11)(1, (2,3), 1, 0): move(up)
🟡 inside Harvest class : gmu3r2g
🎯 Executing Harvest for unit: Worker(10)(0, (3,2), 1, 0)
Resources carried: 0
Current position: (3,2)
Target: (0,0), Base: (2,1)
➡️ Moving toward resource at: (0,0)
✅ Returned UnitAction (move to resource): move(down)
 gmu3r2g : Final UnitAction for Worker(10)(0, (3,2), 1, 0): move(down)
🟡 inside Harvest class : gmu3r2g
🎯 Executing Harvest for unit: Worker(9)(1, (6,7), 1, 1)
Resources carried: 1
Current position: (6,7)
Target: (7,7), Base: (5,6)
⬅️ Returning to base at: (5,6)
✅ Returned UnitAction (move to base): move(left)
 gmu3r2g : Final UnitAction for Worker(9)(1, (6,7), 1, 1): move(left)
 gmu3r2g : Final UnitAction for Worker(13)(1, (3,4), 1, 0): move(up)
 gmu3r2g : Final UnitAction for Worker(11)(1, (2,2), 1, 0): attack_location(2,1)
🟡 inside Harvest class : gmu3r2g
🎯 Executing Harvest for unit: Worker(10)(0, (3,2), 1, 0)
Resources carried: 0
Current position: (3,2)
Target: (0,0), Base: (2,1)
➡️ Moving toward resource at: (0,0)
✅ Returned UnitAction (move to resource): move(down)
 gmu3r2g : Final UnitAction for Worker(10)(0, (3,2), 1, 0): move(down)
🟡 inside Harvest class : gmu3r2g
🎯 Executing Harvest for unit: Worker(9)(1, (5,7), 1, 1)
Resources carried: 1
Current position: (5,7)
Target: (7,7), Base: (5,6)
⬅️ Returning to base at: (5,6)
⚠️  issue in they findPathToAdjacentPosition No path to adjacent cell of resource found. May be blocked or unreachable.
📤 Returned Final UnitAction: return(up)
 gmu3r2g : Final UnitAction for Worker(9)(1, (5,7), 1, 1): return(up)
 gmu3r2g : Final UnitAction for Worker(11)(1, (2,2), 1, 0): attack_location(2,1)
 gmu3r2g : Final UnitAction for Worker(13)(1, (3,4), 1, 0): move(up)
 gmu3r2g : Final UnitAction for Worker(11)(1, (2,2), 1, 0): attack_location(2,1)
🟡 inside Harvest class : gmu3r2g
🎯 Executing Harvest for unit: Worker(10)(0, (3,2), 1, 0)
Resources carried: 0
Current position: (3,2)
Target: (0,0), Base: (2,1)
➡️ Moving toward resource at: (0,0)
✅ Returned UnitAction (move to resource): move(down)
 gmu3r2g : Final UnitAction for Worker(10)(0, (3,2), 1, 0): move(down)
🟡 inside Harvest class : gmu3r2g
🎯 Executing Harvest for unit: Worker(9)(1, (5,7), 1, 0)
Resources carried: 0
Current position: (5,7)
Target: (7,7), Base: (5,6)
➡️ Moving toward resource at: (7,7)
✅ Returned UnitAction (move to resource): move(right)
 gmu3r2g : Final UnitAction for Worker(9)(1, (5,7), 1, 0): move(right)
 gmu3r2g : Final UnitAction for Worker(11)(1, (2,2), 1, 0): attack_location(2,1)
 gmu3r2g : Final UnitAction for Worker(13)(1, (3,4), 1, 0): move(up)
 gmu3r2g : Final UnitAction for Base(7)(1, (5,6), 10, 0): produce(up,Worker)
 gmu3r2g : Final UnitAction for Worker(14)(1, (6,6), 1, 0): move(up)
 gmu3r2g : Final UnitAction for Worker(11)(1, (2,2), 1, 0): attack_location(2,1)
🟡 inside Harvest class : gmu3r2g
🎯 Executing Harvest for unit: Worker(10)(0, (3,2), 1, 0)
Resources carried: 0
Current position: (3,2)
Target: (0,0), Base: (2,1)
➡️ Moving toward resource at: (0,0)
✅ Returned UnitAction (move to resource): move(down)
 gmu3r2g : Final UnitAction for Worker(10)(0, (3,2), 1, 0): move(down)
🟡 inside Harvest class : gmu3r2g
🎯 Executing Harvest for unit: Worker(9)(1, (6,7), 1, 0)
Resources carried: 0
Current position: (6,7)
Target: (7,7), Base: (5,6)
➡️ Moving toward resource at: (7,7)
 164  in second block 
📤 Returned Final UnitAction: harvest(right)
 gmu3r2g : Final UnitAction for Worker(9)(1, (6,7), 1, 0): harvest(right)
 gmu3r2g : Final UnitAction for Worker(11)(1, (2,2), 1, 0): attack_location(2,1)
 gmu3r2g : Final UnitAction for Worker(13)(1, (3,4), 1, 0): move(up)
 gmu3r2g : Final UnitAction for Worker(14)(1, (6,5), 1, 0): move(up)
 gmu3r2g : Final UnitAction for Worker(11)(1, (2,2), 1, 0): attack_location(2,1)
🟡 inside Harvest class : gmu3r2g
🎯 Executing Harvest for unit: Worker(10)(0, (3,2), 1, 0)
Resources carried: 0
Current position: (3,2)
Target: (0,0), Base: (2,1)
➡️ Moving toward resource at: (0,0)
✅ Returned UnitAction (move to resource): move(down)
 gmu3r2g : Final UnitAction for Worker(10)(0, (3,2), 1, 0): move(down)
 gmu3r2g : Final UnitAction for Worker(11)(1, (2,2), 1, 0): attack_location(2,1)
 gmu3r2g : Final UnitAction for Worker(13)(1, (3,4), 1, 0): move(up)
 gmu3r2g : Final UnitAction for Worker(14)(1, (6,4), 1, 0): move(left)
 gmu3r2g : Final UnitAction for Worker(11)(1, (2,2), 1, 0): attack_location(2,1)
🟡 inside Harvest class : gmu3r2g
🎯 Executing Harvest for unit: Worker(10)(0, (3,2), 1, 0)
Resources carried: 0
Current position: (3,2)
Target: (0,0), Base: (2,1)
➡️ Moving toward resource at: (0,0)
✅ Returned UnitAction (move to resource): move(down)
 gmu3r2g : Final UnitAction for Worker(10)(0, (3,2), 1, 0): move(down)
🟡 inside Harvest class : gmu3r2g
🎯 Executing Harvest for unit: Worker(9)(1, (6,7), 1, 1)
Resources carried: 1
Current position: (6,7)
Target: (7,7), Base: (5,6)
⬅️ Returning to base at: (5,6)
✅ Returned UnitAction (move to base): move(left)
 gmu3r2g : Final UnitAction for Worker(9)(1, (6,7), 1, 1): move(left)
 gmu3r2g : Final UnitAction for Worker(11)(1, (2,2), 1, 0): attack_location(2,1)
 gmu3r2g : Final UnitAction for Worker(13)(1, (3,4), 1, 0): move(up)
 gmu3r2g : Final UnitAction for Worker(14)(1, (5,4), 1, 0): move(left)
 gmu3r2g : Final UnitAction for Worker(11)(1, (2,2), 1, 0): attack_location(3,2)
🟡 inside Harvest class : gmu3r2g
🎯 Executing Harvest for unit: Worker(9)(1, (5,7), 1, 1)
Resources carried: 1
Current position: (5,7)
Target: (7,7), Base: (5,6)
⬅️ Returning to base at: (5,6)
⚠️  issue in they findPathToAdjacentPosition No path to adjacent cell of resource found. May be blocked or unreachable.
📤 Returned Final UnitAction: return(up)
 gmu3r2g : Final UnitAction for Worker(9)(1, (5,7), 1, 1): return(up)
 gmu3r2g : Final UnitAction for Worker(11)(1, (2,2), 1, 0): move(left)
 gmu3r2g : Final UnitAction for Worker(13)(1, (3,4), 1, 0): move(up)
 gmu3r2g : Final UnitAction for Worker(14)(1, (4,4), 1, 0): move(up)
 gmu3r2g : Final UnitAction for Worker(8)(0, (1,1), 1, 0): attack_location(1,2)
🟡 inside Harvest class : gmu3r2g
🎯 Executing Harvest for unit: Worker(9)(1, (5,7), 1, 0)
Resources carried: 0
Current position: (5,7)
Target: (7,7), Base: (5,6)
➡️ Moving toward resource at: (7,7)
✅ Returned UnitAction (move to resource): move(right)
 gmu3r2g : Final UnitAction for Worker(9)(1, (5,7), 1, 0): move(right)
 gmu3r2g : Final UnitAction for Worker(11)(1, (1,2), 1, 0): attack_location(1,1)
 gmu3r2g : Final UnitAction for Worker(13)(1, (3,3), 1, 0): move(left)
 gmu3r2g : Final UnitAction for Worker(14)(1, (4,3), 1, 0): move(up)
 gmu3r2g : Final UnitAction for Base(7)(1, (5,6), 10, 0): produce(right,Worker)
 gmu3r2g : Final UnitAction for Worker(16)(1, (5,5), 1, 0): move(up)
🟡 inside Harvest class : gmu3r2g
🎯 Executing Harvest for unit: Worker(9)(1, (6,7), 1, 0)
Resources carried: 0
Current position: (6,7)
Target: (7,7), Base: (5,6)
➡️ Moving toward resource at: (7,7)
 164  in second block 
📤 Returned Final UnitAction: harvest(right)
 gmu3r2g : Final UnitAction for Worker(9)(1, (6,7), 1, 0): harvest(right)
 gmu3r2g : Final UnitAction for Worker(13)(1, (2,3), 1, 0): move(left)
 gmu3r2g : Final UnitAction for Worker(14)(1, (4,2), 1, 0): move(left)
 gmu3r2g : Final UnitAction for Worker(16)(1, (5,4), 1, 0): move(up)
 gmu3r2g : Final UnitAction for Worker(13)(1, (1,3), 1, 0): move(up)
 gmu3r2g : Final UnitAction for Worker(14)(1, (3,2), 1, 0): move(left)
 gmu3r2g : Final UnitAction for Worker(16)(1, (5,3), 1, 0): move(left)
🟡 inside Harvest class : gmu3r2g
🎯 Executing Harvest for unit: Worker(9)(1, (6,7), 1, 1)
Resources carried: 1
Current position: (6,7)
Target: (7,7), Base: (5,6)
⬅️ Returning to base at: (5,6)
✅ Returned UnitAction (move to base): move(left)
 gmu3r2g : Final UnitAction for Worker(9)(1, (6,7), 1, 1): move(left)
 gmu3r2g : Final UnitAction for Worker(13)(1, (1,2), 1, 0): move(up)
 gmu3r2g : Final UnitAction for Worker(14)(1, (2,2), 1, 0): move(up)
 gmu3r2g : Final UnitAction for Worker(16)(1, (4,3), 1, 0): move(left)
🟡 inside Harvest class : gmu3r2g
🎯 Executing Harvest for unit: Worker(9)(1, (5,7), 1, 1)
Resources carried: 1
Current position: (5,7)
Target: (7,7), Base: (5,6)
⬅️ Returning to base at: (5,6)
⚠️  issue in they findPathToAdjacentPosition No path to adjacent cell of resource found. May be blocked or unreachable.
📤 Returned Final UnitAction: return(up)
 gmu3r2g : Final UnitAction for Worker(9)(1, (5,7), 1, 1): return(up)
 gmu3r2g : Final UnitAction for Worker(13)(1, (1,1), 1, 0): attack_location(1,0)
 gmu3r2g : Final UnitAction for Worker(14)(1, (2,1), 1, 0): move(up)
 gmu3r2g : Final UnitAction for Worker(13)(1, (1,1), 1, 0): attack_location(1,0)
🟡 inside Harvest class : gmu3r2g
🎯 Executing Harvest for unit: Worker(9)(1, (5,7), 1, 0)
Resources carried: 0
Current position: (5,7)
Target: (7,7), Base: (5,6)
➡️ Moving toward resource at: (7,7)
✅ Returned UnitAction (move to resource): move(right)
 gmu3r2g : Final UnitAction for Worker(9)(1, (5,7), 1, 0): move(right)
 gmu3r2g : Final UnitAction for Worker(13)(1, (1,1), 1, 0): attack_location(1,0)
 gmu3r2g : Final UnitAction for Worker(14)(1, (2,0), 1, 0): attack_location(1,0)
 gmu3r2g : Final UnitAction for Base(7)(1, (5,6), 10, 0): produce(up,Worker)

=== GAME RESULT ===
FINAL_TICK: 255
WINNER: 1
Player 1 wins!
===================
